mode: set
github.com/KarpelesLab/squashfs/comp.go:29.38,30.11 1 1
github.com/KarpelesLab/squashfs/comp.go:31.12,32.16 1 1
github.com/KarpelesLab/squashfs/comp.go:33.12,34.16 1 1
github.com/KarpelesLab/squashfs/comp.go:35.11,36.15 1 1
github.com/KarpelesLab/squashfs/comp.go:37.10,38.14 1 1
github.com/KarpelesLab/squashfs/comp.go:39.11,40.15 1 1
github.com/KarpelesLab/squashfs/comp.go:41.12,42.16 1 1
github.com/KarpelesLab/squashfs/comp.go:44.2,44.42 1 1
github.com/KarpelesLab/squashfs/comp.go:47.61,48.39 1 1
github.com/KarpelesLab/squashfs/comp.go:48.39,50.3 1 1
github.com/KarpelesLab/squashfs/comp.go:51.2,51.73 1 0
github.com/KarpelesLab/squashfs/comp.go:57.67,59.2 1 0
github.com/KarpelesLab/squashfs/comp.go:68.73,69.42 1 0
github.com/KarpelesLab/squashfs/comp.go:69.42,76.3 6 0
github.com/KarpelesLab/squashfs/comp.go:85.85,86.42 1 1
github.com/KarpelesLab/squashfs/comp.go:86.42,89.17 3 1
github.com/KarpelesLab/squashfs/comp.go:89.17,91.4 1 0
github.com/KarpelesLab/squashfs/comp.go:92.3,95.24 4 1
github.com/KarpelesLab/squashfs/dir.go:36.84,37.17 1 1
github.com/KarpelesLab/squashfs/dir.go:37.17,39.17 2 1
github.com/KarpelesLab/squashfs/dir.go:39.17,41.4 1 0
github.com/KarpelesLab/squashfs/dir.go:42.3,46.17 2 1
github.com/KarpelesLab/squashfs/dir.go:49.2,50.16 2 1
github.com/KarpelesLab/squashfs/dir.go:50.16,52.3 1 0
github.com/KarpelesLab/squashfs/dir.go:54.2,59.16 2 1
github.com/KarpelesLab/squashfs/dir.go:62.55,65.2 2 1
github.com/KarpelesLab/squashfs/dir.go:67.65,69.17 1 1
github.com/KarpelesLab/squashfs/dir.go:69.17,71.3 1 1
github.com/KarpelesLab/squashfs/dir.go:73.2,78.19 5 1
github.com/KarpelesLab/squashfs/dir.go:78.19,80.17 2 1
github.com/KarpelesLab/squashfs/dir.go:80.17,82.4 1 0
github.com/KarpelesLab/squashfs/dir.go:86.2,87.16 2 1
github.com/KarpelesLab/squashfs/dir.go:87.16,89.3 1 0
github.com/KarpelesLab/squashfs/dir.go:90.2,91.16 2 1
github.com/KarpelesLab/squashfs/dir.go:91.16,93.3 1 0
github.com/KarpelesLab/squashfs/dir.go:94.2,95.16 2 1
github.com/KarpelesLab/squashfs/dir.go:95.16,97.3 1 0
github.com/KarpelesLab/squashfs/dir.go:98.2,99.16 2 1
github.com/KarpelesLab/squashfs/dir.go:99.16,101.3 1 0
github.com/KarpelesLab/squashfs/dir.go:102.2,104.16 3 1
github.com/KarpelesLab/squashfs/dir.go:104.16,106.3 1 0
github.com/KarpelesLab/squashfs/dir.go:108.2,111.39 3 1
github.com/KarpelesLab/squashfs/dir.go:114.41,117.16 2 1
github.com/KarpelesLab/squashfs/dir.go:117.16,119.3 1 0
github.com/KarpelesLab/squashfs/dir.go:120.2,121.16 2 1
github.com/KarpelesLab/squashfs/dir.go:121.16,123.3 1 0
github.com/KarpelesLab/squashfs/dir.go:124.2,125.16 2 1
github.com/KarpelesLab/squashfs/dir.go:125.16,127.3 1 0
github.com/KarpelesLab/squashfs/dir.go:130.2,132.12 2 1
github.com/KarpelesLab/squashfs/dir.go:135.60,138.6 2 1
github.com/KarpelesLab/squashfs/dir.go:138.6,140.17 2 1
github.com/KarpelesLab/squashfs/dir.go:140.17,141.21 1 1
github.com/KarpelesLab/squashfs/dir.go:141.21,143.5 1 1
github.com/KarpelesLab/squashfs/dir.go:144.4,144.19 1 0
github.com/KarpelesLab/squashfs/dir.go:147.3,148.29 2 1
github.com/KarpelesLab/squashfs/dir.go:148.29,150.4 1 0
github.com/KarpelesLab/squashfs/dir.go:154.35,156.2 1 1
github.com/KarpelesLab/squashfs/dir.go:158.34,159.16 1 1
github.com/KarpelesLab/squashfs/dir.go:160.12,161.14 1 0
github.com/KarpelesLab/squashfs/dir.go:162.10,163.15 1 1
github.com/KarpelesLab/squashfs/dir.go:167.40,169.2 1 0
github.com/KarpelesLab/squashfs/dir.go:171.49,174.16 2 1
github.com/KarpelesLab/squashfs/dir.go:174.16,176.3 1 0
github.com/KarpelesLab/squashfs/dir.go:178.2,180.50 2 1
github.com/KarpelesLab/squashfs/file.go:39.49,40.18 1 1
github.com/KarpelesLab/squashfs/file.go:41.12,42.40 1 1
github.com/KarpelesLab/squashfs/file.go:43.10,45.57 2 1
github.com/KarpelesLab/squashfs/file.go:52.44,54.2 1 1
github.com/KarpelesLab/squashfs/file.go:57.26,59.2 1 0
github.com/KarpelesLab/squashfs/file.go:62.30,64.2 1 1
github.com/KarpelesLab/squashfs/file.go:69.47,71.2 1 1
github.com/KarpelesLab/squashfs/file.go:74.47,76.2 1 0
github.com/KarpelesLab/squashfs/file.go:79.29,81.2 1 0
github.com/KarpelesLab/squashfs/file.go:84.33,87.2 2 1
github.com/KarpelesLab/squashfs/file.go:89.57,90.16 1 0
github.com/KarpelesLab/squashfs/file.go:90.16,92.17 2 0
github.com/KarpelesLab/squashfs/file.go:92.17,94.4 1 0
github.com/KarpelesLab/squashfs/file.go:95.3,95.11 1 0
github.com/KarpelesLab/squashfs/file.go:98.2,98.23 1 0
github.com/KarpelesLab/squashfs/file.go:104.35,106.2 1 1
github.com/KarpelesLab/squashfs/file.go:109.34,111.2 1 1
github.com/KarpelesLab/squashfs/file.go:114.40,116.2 1 1
github.com/KarpelesLab/squashfs/file.go:120.41,122.2 1 0
github.com/KarpelesLab/squashfs/file.go:125.34,127.2 1 1
github.com/KarpelesLab/squashfs/file.go:130.31,132.2 1 0
github.com/KarpelesLab/squashfs/flags.go:22.32,25.32 2 1
github.com/KarpelesLab/squashfs/flags.go:25.32,27.3 1 1
github.com/KarpelesLab/squashfs/flags.go:28.2,28.30 1 1
github.com/KarpelesLab/squashfs/flags.go:28.30,30.3 1 1
github.com/KarpelesLab/squashfs/flags.go:31.2,31.18 1 1
github.com/KarpelesLab/squashfs/flags.go:31.18,33.3 1 1
github.com/KarpelesLab/squashfs/flags.go:34.2,34.35 1 1
github.com/KarpelesLab/squashfs/flags.go:34.35,36.3 1 1
github.com/KarpelesLab/squashfs/flags.go:37.2,37.25 1 1
github.com/KarpelesLab/squashfs/flags.go:37.25,39.3 1 1
github.com/KarpelesLab/squashfs/flags.go:40.2,40.29 1 1
github.com/KarpelesLab/squashfs/flags.go:40.29,42.3 1 1
github.com/KarpelesLab/squashfs/flags.go:43.2,43.23 1 1
github.com/KarpelesLab/squashfs/flags.go:43.23,45.3 1 1
github.com/KarpelesLab/squashfs/flags.go:46.2,46.23 1 1
github.com/KarpelesLab/squashfs/flags.go:46.23,48.3 1 1
github.com/KarpelesLab/squashfs/flags.go:49.2,49.32 1 1
github.com/KarpelesLab/squashfs/flags.go:49.32,51.3 1 1
github.com/KarpelesLab/squashfs/flags.go:52.2,52.22 1 1
github.com/KarpelesLab/squashfs/flags.go:52.22,54.3 1 1
github.com/KarpelesLab/squashfs/flags.go:55.2,55.31 1 1
github.com/KarpelesLab/squashfs/flags.go:55.31,57.3 1 1
github.com/KarpelesLab/squashfs/flags.go:58.2,58.29 1 1
github.com/KarpelesLab/squashfs/flags.go:58.29,60.3 1 1
github.com/KarpelesLab/squashfs/flags.go:62.2,62.31 1 1
github.com/KarpelesLab/squashfs/flags.go:65.37,67.2 1 1
github.com/KarpelesLab/squashfs/inode.go:49.60,50.14 1 0
github.com/KarpelesLab/squashfs/inode.go:50.14,53.3 1 0
github.com/KarpelesLab/squashfs/inode.go:54.2,54.24 1 0
github.com/KarpelesLab/squashfs/inode.go:54.24,57.3 1 0
github.com/KarpelesLab/squashfs/inode.go:60.2,61.8 2 0
github.com/KarpelesLab/squashfs/inode.go:61.8,63.3 1 0
github.com/KarpelesLab/squashfs/inode.go:67.2,67.39 1 0
github.com/KarpelesLab/squashfs/inode.go:67.39,69.3 1 0
github.com/KarpelesLab/squashfs/inode.go:72.2,73.16 2 0
github.com/KarpelesLab/squashfs/inode.go:73.16,75.3 1 0
github.com/KarpelesLab/squashfs/inode.go:77.2,78.16 2 0
github.com/KarpelesLab/squashfs/inode.go:78.16,80.3 1 0
github.com/KarpelesLab/squashfs/inode.go:83.2,85.29 2 0
github.com/KarpelesLab/squashfs/inode.go:88.66,90.16 2 1
github.com/KarpelesLab/squashfs/inode.go:90.16,92.3 1 0
github.com/KarpelesLab/squashfs/inode.go:94.2,98.16 3 1
github.com/KarpelesLab/squashfs/inode.go:98.16,100.3 1 0
github.com/KarpelesLab/squashfs/inode.go:101.2,102.16 2 1
github.com/KarpelesLab/squashfs/inode.go:102.16,104.3 1 0
github.com/KarpelesLab/squashfs/inode.go:105.2,106.16 2 1
github.com/KarpelesLab/squashfs/inode.go:106.16,108.3 1 0
github.com/KarpelesLab/squashfs/inode.go:109.2,110.16 2 1
github.com/KarpelesLab/squashfs/inode.go:110.16,112.3 1 0
github.com/KarpelesLab/squashfs/inode.go:113.2,114.16 2 1
github.com/KarpelesLab/squashfs/inode.go:114.16,116.3 1 0
github.com/KarpelesLab/squashfs/inode.go:117.2,118.16 2 1
github.com/KarpelesLab/squashfs/inode.go:118.16,120.3 1 0
github.com/KarpelesLab/squashfs/inode.go:124.2,124.18 1 1
github.com/KarpelesLab/squashfs/inode.go:125.9,128.17 3 1
github.com/KarpelesLab/squashfs/inode.go:128.17,130.4 1 0
github.com/KarpelesLab/squashfs/inode.go:131.3,134.17 3 1
github.com/KarpelesLab/squashfs/inode.go:134.17,136.4 1 0
github.com/KarpelesLab/squashfs/inode.go:138.3,140.17 3 1
github.com/KarpelesLab/squashfs/inode.go:140.17,142.4 1 0
github.com/KarpelesLab/squashfs/inode.go:143.3,146.17 3 1
github.com/KarpelesLab/squashfs/inode.go:146.17,148.4 1 0
github.com/KarpelesLab/squashfs/inode.go:149.3,152.17 3 1
github.com/KarpelesLab/squashfs/inode.go:152.17,154.4 1 0
github.com/KarpelesLab/squashfs/inode.go:157.9,162.17 4 1
github.com/KarpelesLab/squashfs/inode.go:162.17,164.4 1 0
github.com/KarpelesLab/squashfs/inode.go:166.3,167.17 2 1
github.com/KarpelesLab/squashfs/inode.go:167.17,169.4 1 0
github.com/KarpelesLab/squashfs/inode.go:170.3,173.17 3 1
github.com/KarpelesLab/squashfs/inode.go:173.17,175.4 1 0
github.com/KarpelesLab/squashfs/inode.go:176.3,179.17 3 1
github.com/KarpelesLab/squashfs/inode.go:179.17,181.4 1 0
github.com/KarpelesLab/squashfs/inode.go:183.3,184.17 2 1
github.com/KarpelesLab/squashfs/inode.go:184.17,186.4 1 0
github.com/KarpelesLab/squashfs/inode.go:188.3,189.17 2 1
github.com/KarpelesLab/squashfs/inode.go:189.17,191.4 1 0
github.com/KarpelesLab/squashfs/inode.go:192.3,195.17 3 1
github.com/KarpelesLab/squashfs/inode.go:195.17,197.4 1 0
github.com/KarpelesLab/squashfs/inode.go:199.3,201.31 3 1
github.com/KarpelesLab/squashfs/inode.go:201.31,203.18 2 1
github.com/KarpelesLab/squashfs/inode.go:203.18,205.5 1 0
github.com/KarpelesLab/squashfs/inode.go:206.4,211.21 3 1
github.com/KarpelesLab/squashfs/inode.go:211.21,214.5 1 0
github.com/KarpelesLab/squashfs/inode.go:215.4,217.18 3 1
github.com/KarpelesLab/squashfs/inode.go:217.18,219.5 1 0
github.com/KarpelesLab/squashfs/inode.go:220.4,221.24 2 1
github.com/KarpelesLab/squashfs/inode.go:224.9,227.17 3 1
github.com/KarpelesLab/squashfs/inode.go:227.17,229.4 1 0
github.com/KarpelesLab/squashfs/inode.go:230.3,234.17 3 1
github.com/KarpelesLab/squashfs/inode.go:234.17,236.4 1 0
github.com/KarpelesLab/squashfs/inode.go:237.3,238.17 2 1
github.com/KarpelesLab/squashfs/inode.go:238.17,240.4 1 0
github.com/KarpelesLab/squashfs/inode.go:241.3,242.17 2 1
github.com/KarpelesLab/squashfs/inode.go:242.17,244.4 1 0
github.com/KarpelesLab/squashfs/inode.go:245.3,249.34 3 1
github.com/KarpelesLab/squashfs/inode.go:249.34,251.42 1 1
github.com/KarpelesLab/squashfs/inode.go:251.42,253.5 1 0
github.com/KarpelesLab/squashfs/inode.go:257.3,263.34 4 1
github.com/KarpelesLab/squashfs/inode.go:263.34,265.18 2 0
github.com/KarpelesLab/squashfs/inode.go:265.18,267.5 1 0
github.com/KarpelesLab/squashfs/inode.go:269.4,271.33 3 0
github.com/KarpelesLab/squashfs/inode.go:274.3,274.34 1 1
github.com/KarpelesLab/squashfs/inode.go:274.34,277.4 1 1
github.com/KarpelesLab/squashfs/inode.go:278.9,280.17 2 0
github.com/KarpelesLab/squashfs/inode.go:280.17,282.4 1 0
github.com/KarpelesLab/squashfs/inode.go:284.3,285.17 2 0
github.com/KarpelesLab/squashfs/inode.go:285.17,287.4 1 0
github.com/KarpelesLab/squashfs/inode.go:289.3,290.17 2 0
github.com/KarpelesLab/squashfs/inode.go:290.17,292.4 1 0
github.com/KarpelesLab/squashfs/inode.go:294.3,295.17 2 0
github.com/KarpelesLab/squashfs/inode.go:295.17,297.4 1 0
github.com/KarpelesLab/squashfs/inode.go:300.3,301.17 2 0
github.com/KarpelesLab/squashfs/inode.go:301.17,303.4 1 0
github.com/KarpelesLab/squashfs/inode.go:304.3,305.17 2 0
github.com/KarpelesLab/squashfs/inode.go:305.17,307.4 1 0
github.com/KarpelesLab/squashfs/inode.go:309.3,310.17 2 0
github.com/KarpelesLab/squashfs/inode.go:310.17,312.4 1 0
github.com/KarpelesLab/squashfs/inode.go:315.3,316.34 2 0
github.com/KarpelesLab/squashfs/inode.go:316.34,318.42 1 0
github.com/KarpelesLab/squashfs/inode.go:318.42,320.5 1 0
github.com/KarpelesLab/squashfs/inode.go:324.3,331.34 5 0
github.com/KarpelesLab/squashfs/inode.go:331.34,333.18 2 0
github.com/KarpelesLab/squashfs/inode.go:333.18,335.5 1 0
github.com/KarpelesLab/squashfs/inode.go:337.4,339.33 3 0
github.com/KarpelesLab/squashfs/inode.go:342.3,342.34 1 0
github.com/KarpelesLab/squashfs/inode.go:342.34,345.4 1 0
github.com/KarpelesLab/squashfs/inode.go:348.9,350.17 2 1
github.com/KarpelesLab/squashfs/inode.go:350.17,352.4 1 0
github.com/KarpelesLab/squashfs/inode.go:355.3,357.17 3 1
github.com/KarpelesLab/squashfs/inode.go:357.17,359.4 1 0
github.com/KarpelesLab/squashfs/inode.go:361.3,361.17 1 1
github.com/KarpelesLab/squashfs/inode.go:361.17,364.4 1 0
github.com/KarpelesLab/squashfs/inode.go:365.3,370.17 4 1
github.com/KarpelesLab/squashfs/inode.go:370.17,372.4 1 0
github.com/KarpelesLab/squashfs/inode.go:373.3,373.22 1 1
github.com/KarpelesLab/squashfs/inode.go:376.10,378.18 2 0
github.com/KarpelesLab/squashfs/inode.go:381.2,381.17 1 1
github.com/KarpelesLab/squashfs/inode.go:384.58,385.16 1 1
github.com/KarpelesLab/squashfs/inode.go:386.12,389.28 1 1
github.com/KarpelesLab/squashfs/inode.go:389.28,392.4 1 0
github.com/KarpelesLab/squashfs/inode.go:394.3,394.41 1 1
github.com/KarpelesLab/squashfs/inode.go:394.41,396.4 1 0
github.com/KarpelesLab/squashfs/inode.go:399.3,403.7 4 1
github.com/KarpelesLab/squashfs/inode.go:403.7,407.37 2 1
github.com/KarpelesLab/squashfs/inode.go:407.37,415.19 4 1
github.com/KarpelesLab/squashfs/inode.go:415.19,417.6 1 0
github.com/KarpelesLab/squashfs/inode.go:420.5,421.19 2 1
github.com/KarpelesLab/squashfs/inode.go:421.19,423.6 1 0
github.com/KarpelesLab/squashfs/inode.go:426.5,429.19 4 1
github.com/KarpelesLab/squashfs/inode.go:429.19,431.6 1 0
github.com/KarpelesLab/squashfs/inode.go:432.5,433.19 2 1
github.com/KarpelesLab/squashfs/inode.go:433.19,435.6 1 0
github.com/KarpelesLab/squashfs/inode.go:439.5,439.36 1 1
github.com/KarpelesLab/squashfs/inode.go:439.36,443.20 3 0
github.com/KarpelesLab/squashfs/inode.go:443.20,445.7 1 0
github.com/KarpelesLab/squashfs/inode.go:446.11,450.20 3 1
github.com/KarpelesLab/squashfs/inode.go:450.20,452.7 1 0
github.com/KarpelesLab/squashfs/inode.go:455.6,456.20 2 1
github.com/KarpelesLab/squashfs/inode.go:456.20,458.7 1 0
github.com/KarpelesLab/squashfs/inode.go:461.5,461.24 1 1
github.com/KarpelesLab/squashfs/inode.go:461.24,463.6 1 1
github.com/KarpelesLab/squashfs/inode.go:464.10,464.35 1 0
github.com/KarpelesLab/squashfs/inode.go:464.35,467.5 1 0
github.com/KarpelesLab/squashfs/inode.go:467.10,470.19 3 0
github.com/KarpelesLab/squashfs/inode.go:470.19,472.6 1 0
github.com/KarpelesLab/squashfs/inode.go:475.5,475.39 1 0
github.com/KarpelesLab/squashfs/inode.go:475.39,478.20 2 0
github.com/KarpelesLab/squashfs/inode.go:478.20,480.7 1 0
github.com/KarpelesLab/squashfs/inode.go:485.4,485.18 1 1
github.com/KarpelesLab/squashfs/inode.go:485.18,487.5 1 0
github.com/KarpelesLab/squashfs/inode.go:490.4,492.19 3 1
github.com/KarpelesLab/squashfs/inode.go:492.19,495.5 1 1
github.com/KarpelesLab/squashfs/inode.go:498.4,502.14 3 0
github.com/KarpelesLab/squashfs/inode.go:505.2,505.25 1 0
github.com/KarpelesLab/squashfs/inode.go:509.66,511.16 1 1
github.com/KarpelesLab/squashfs/inode.go:512.12,515.32 2 1
github.com/KarpelesLab/squashfs/inode.go:515.32,516.41 1 1
github.com/KarpelesLab/squashfs/inode.go:516.41,518.10 1 1
github.com/KarpelesLab/squashfs/inode.go:520.4,520.10 1 1
github.com/KarpelesLab/squashfs/inode.go:522.3,523.17 2 1
github.com/KarpelesLab/squashfs/inode.go:523.17,525.4 1 0
github.com/KarpelesLab/squashfs/inode.go:526.3,526.7 1 1
github.com/KarpelesLab/squashfs/inode.go:526.7,528.18 2 1
github.com/KarpelesLab/squashfs/inode.go:528.18,529.22 1 1
github.com/KarpelesLab/squashfs/inode.go:529.22,531.6 1 1
github.com/KarpelesLab/squashfs/inode.go:532.5,532.20 1 0
github.com/KarpelesLab/squashfs/inode.go:534.4,534.33 1 1
github.com/KarpelesLab/squashfs/inode.go:534.33,537.5 1 0
github.com/KarpelesLab/squashfs/inode.go:539.4,539.21 1 1
github.com/KarpelesLab/squashfs/inode.go:539.21,542.19 2 1
github.com/KarpelesLab/squashfs/inode.go:542.19,544.6 1 0
github.com/KarpelesLab/squashfs/inode.go:546.5,548.22 2 1
github.com/KarpelesLab/squashfs/inode.go:552.2,552.27 1 0
github.com/KarpelesLab/squashfs/inode.go:556.36,558.2 1 1
github.com/KarpelesLab/squashfs/inode.go:561.30,562.16 1 1
github.com/KarpelesLab/squashfs/inode.go:563.12,564.14 1 1
github.com/KarpelesLab/squashfs/inode.go:566.2,566.14 1 1
github.com/KarpelesLab/squashfs/inode.go:570.44,571.16 1 1
github.com/KarpelesLab/squashfs/inode.go:572.13,573.26 1 1
github.com/KarpelesLab/squashfs/inode.go:575.2,575.27 1 0
github.com/KarpelesLab/squashfs/inode.go:580.45,582.2 1 0
github.com/KarpelesLab/squashfs/inode.go:586.45,588.2 1 0
github.com/KarpelesLab/squashfs/inode.go:591.33,592.40 1 1
github.com/KarpelesLab/squashfs/inode.go:592.40,594.3 1 1
github.com/KarpelesLab/squashfs/inode.go:595.2,595.10 1 0
github.com/KarpelesLab/squashfs/inode.go:599.33,600.40 1 1
github.com/KarpelesLab/squashfs/inode.go:600.40,602.3 1 1
github.com/KarpelesLab/squashfs/inode.go:603.2,603.10 1 0
github.com/KarpelesLab/squashfs/inoderef.go:7.34,9.2 1 1
github.com/KarpelesLab/squashfs/inoderef.go:11.35,13.2 1 1
github.com/KarpelesLab/squashfs/inoderef.go:15.35,17.2 1 0
github.com/KarpelesLab/squashfs/mode.go:37.42,40.9 2 1
github.com/KarpelesLab/squashfs/mode.go:41.33,42.27 1 0
github.com/KarpelesLab/squashfs/mode.go:43.33,44.23 1 0
github.com/KarpelesLab/squashfs/mode.go:45.33,46.20 1 0
github.com/KarpelesLab/squashfs/mode.go:47.33,48.26 1 0
github.com/KarpelesLab/squashfs/mode.go:49.33,50.24 1 0
github.com/KarpelesLab/squashfs/mode.go:51.35,52.23 1 0
github.com/KarpelesLab/squashfs/mode.go:56.2,56.31 1 1
github.com/KarpelesLab/squashfs/mode.go:56.31,58.3 1 0
github.com/KarpelesLab/squashfs/mode.go:60.2,60.31 1 1
github.com/KarpelesLab/squashfs/mode.go:60.31,62.3 1 0
github.com/KarpelesLab/squashfs/mode.go:64.2,64.31 1 1
github.com/KarpelesLab/squashfs/mode.go:64.31,66.3 1 0
github.com/KarpelesLab/squashfs/mode.go:68.2,68.12 1 1
github.com/KarpelesLab/squashfs/mode.go:71.42,75.9 2 0
github.com/KarpelesLab/squashfs/mode.go:76.51,77.18 1 0
github.com/KarpelesLab/squashfs/mode.go:78.43,79.18 1 0
github.com/KarpelesLab/squashfs/mode.go:80.37,81.18 1 0
github.com/KarpelesLab/squashfs/mode.go:82.49,83.18 1 0
github.com/KarpelesLab/squashfs/mode.go:84.45,85.18 1 0
github.com/KarpelesLab/squashfs/mode.go:86.43,87.19 1 0
github.com/KarpelesLab/squashfs/mode.go:88.10,89.18 1 0
github.com/KarpelesLab/squashfs/mode.go:93.2,93.41 1 0
github.com/KarpelesLab/squashfs/mode.go:93.41,95.3 1 0
github.com/KarpelesLab/squashfs/mode.go:97.2,97.41 1 0
github.com/KarpelesLab/squashfs/mode.go:97.41,99.3 1 0
github.com/KarpelesLab/squashfs/mode.go:101.2,101.41 1 0
github.com/KarpelesLab/squashfs/mode.go:101.41,103.3 1 0
github.com/KarpelesLab/squashfs/mode.go:105.2,105.12 1 0
github.com/KarpelesLab/squashfs/options.go:5.41,6.36 1 0
github.com/KarpelesLab/squashfs/options.go:6.36,9.3 2 0
github.com/KarpelesLab/squashfs/super.go:65.66,72.16 4 1
github.com/KarpelesLab/squashfs/super.go:72.16,74.3 1 0
github.com/KarpelesLab/squashfs/super.go:75.2,76.16 2 1
github.com/KarpelesLab/squashfs/super.go:76.16,78.3 1 1
github.com/KarpelesLab/squashfs/super.go:80.2,80.38 1 1
github.com/KarpelesLab/squashfs/super.go:80.38,82.3 1 0
github.com/KarpelesLab/squashfs/super.go:85.2,85.30 1 1
github.com/KarpelesLab/squashfs/super.go:85.30,87.17 2 0
github.com/KarpelesLab/squashfs/super.go:87.17,89.4 1 0
github.com/KarpelesLab/squashfs/super.go:93.2,94.16 2 1
github.com/KarpelesLab/squashfs/super.go:94.16,96.3 1 0
github.com/KarpelesLab/squashfs/super.go:98.2,102.16 3 1
github.com/KarpelesLab/squashfs/super.go:108.64,110.16 2 1
github.com/KarpelesLab/squashfs/super.go:110.16,112.3 1 0
github.com/KarpelesLab/squashfs/super.go:113.2,114.16 2 1
github.com/KarpelesLab/squashfs/super.go:114.16,117.3 2 0
github.com/KarpelesLab/squashfs/super.go:118.2,120.32 2 1
github.com/KarpelesLab/squashfs/super.go:120.32,122.3 1 0
github.com/KarpelesLab/squashfs/super.go:123.2,124.16 2 1
github.com/KarpelesLab/squashfs/super.go:127.43,130.16 2 1
github.com/KarpelesLab/squashfs/super.go:130.16,132.3 1 0
github.com/KarpelesLab/squashfs/super.go:133.2,135.28 3 1
github.com/KarpelesLab/squashfs/super.go:135.28,137.17 2 1
github.com/KarpelesLab/squashfs/super.go:137.17,139.4 1 0
github.com/KarpelesLab/squashfs/super.go:140.3,140.21 1 1
github.com/KarpelesLab/squashfs/super.go:143.2,143.12 1 1
github.com/KarpelesLab/squashfs/super.go:147.57,148.33 1 1
github.com/KarpelesLab/squashfs/super.go:148.33,150.3 1 0
github.com/KarpelesLab/squashfs/super.go:152.2,152.26 1 1
github.com/KarpelesLab/squashfs/super.go:153.14,154.32 1 1
github.com/KarpelesLab/squashfs/super.go:155.14,156.29 1 0
github.com/KarpelesLab/squashfs/super.go:157.10,158.24 1 1
github.com/KarpelesLab/squashfs/super.go:161.2,181.27 20 1
github.com/KarpelesLab/squashfs/super.go:181.27,184.3 1 0
github.com/KarpelesLab/squashfs/super.go:186.2,186.42 1 1
github.com/KarpelesLab/squashfs/super.go:186.42,188.3 1 1
github.com/KarpelesLab/squashfs/super.go:193.2,193.12 1 1
github.com/KarpelesLab/squashfs/super.go:198.50,200.2 1 0
github.com/KarpelesLab/squashfs/super.go:205.82,207.2 1 1
github.com/KarpelesLab/squashfs/super.go:214.99,220.6 4 1
github.com/KarpelesLab/squashfs/super.go:220.6,221.21 1 1
github.com/KarpelesLab/squashfs/super.go:221.21,224.4 1 0
github.com/KarpelesLab/squashfs/super.go:225.3,226.16 2 1
github.com/KarpelesLab/squashfs/super.go:226.16,228.23 1 1
github.com/KarpelesLab/squashfs/super.go:228.23,230.5 1 1
github.com/KarpelesLab/squashfs/super.go:231.4,232.18 2 1
github.com/KarpelesLab/squashfs/super.go:232.18,234.5 1 1
github.com/KarpelesLab/squashfs/super.go:235.4,235.29 1 1
github.com/KarpelesLab/squashfs/super.go:235.29,237.5 1 1
github.com/KarpelesLab/squashfs/super.go:240.4,240.29 1 1
github.com/KarpelesLab/squashfs/super.go:240.29,242.5 1 0
github.com/KarpelesLab/squashfs/super.go:243.4,245.18 3 1
github.com/KarpelesLab/squashfs/super.go:245.18,247.5 1 0
github.com/KarpelesLab/squashfs/super.go:249.4,249.38 1 1
github.com/KarpelesLab/squashfs/super.go:249.38,251.5 1 0
github.com/KarpelesLab/squashfs/super.go:253.4,254.12 2 1
github.com/KarpelesLab/squashfs/super.go:256.3,256.15 1 1
github.com/KarpelesLab/squashfs/super.go:256.15,259.12 2 0
github.com/KarpelesLab/squashfs/super.go:261.3,261.19 1 1
github.com/KarpelesLab/squashfs/super.go:261.19,263.4 1 0
github.com/KarpelesLab/squashfs/super.go:264.3,264.24 1 1
github.com/KarpelesLab/squashfs/super.go:264.24,267.12 2 0
github.com/KarpelesLab/squashfs/super.go:269.3,269.25 1 1
github.com/KarpelesLab/squashfs/super.go:269.25,273.12 3 1
github.com/KarpelesLab/squashfs/super.go:275.3,276.17 2 1
github.com/KarpelesLab/squashfs/super.go:276.17,278.4 1 1
github.com/KarpelesLab/squashfs/super.go:280.3,280.25 1 1
github.com/KarpelesLab/squashfs/super.go:280.25,281.29 1 1
github.com/KarpelesLab/squashfs/super.go:281.29,283.5 1 1
github.com/KarpelesLab/squashfs/super.go:284.4,287.18 3 1
github.com/KarpelesLab/squashfs/super.go:287.18,289.5 1 0
github.com/KarpelesLab/squashfs/super.go:291.4,291.38 1 1
github.com/KarpelesLab/squashfs/super.go:291.38,293.5 1 0
github.com/KarpelesLab/squashfs/super.go:296.4,298.12 2 1
github.com/KarpelesLab/squashfs/super.go:301.3,301.17 1 1
github.com/KarpelesLab/squashfs/super.go:301.17,303.4 1 1
github.com/KarpelesLab/squashfs/super.go:306.3,308.22 3 1
github.com/KarpelesLab/squashfs/super.go:314.58,315.25 1 1
github.com/KarpelesLab/squashfs/super.go:315.25,317.3 1 1
github.com/KarpelesLab/squashfs/super.go:319.2,320.16 2 1
github.com/KarpelesLab/squashfs/super.go:320.16,322.3 1 1
github.com/KarpelesLab/squashfs/super.go:324.2,324.43 1 1
github.com/KarpelesLab/squashfs/super.go:328.61,329.25 1 0
github.com/KarpelesLab/squashfs/super.go:329.25,331.3 1 0
github.com/KarpelesLab/squashfs/super.go:333.2,334.16 2 0
github.com/KarpelesLab/squashfs/super.go:334.16,336.3 1 0
github.com/KarpelesLab/squashfs/super.go:338.2,339.16 2 0
github.com/KarpelesLab/squashfs/super.go:339.16,341.3 1 0
github.com/KarpelesLab/squashfs/super.go:342.2,342.25 1 0
github.com/KarpelesLab/squashfs/super.go:346.67,347.25 1 1
github.com/KarpelesLab/squashfs/super.go:347.25,349.3 1 0
github.com/KarpelesLab/squashfs/super.go:351.2,352.16 2 1
github.com/KarpelesLab/squashfs/super.go:352.16,354.3 1 1
github.com/KarpelesLab/squashfs/super.go:356.2,356.18 1 1
github.com/KarpelesLab/squashfs/super.go:357.12,360.17 2 1
github.com/KarpelesLab/squashfs/super.go:360.17,362.4 1 0
github.com/KarpelesLab/squashfs/super.go:363.3,363.23 1 1
github.com/KarpelesLab/squashfs/super.go:364.10,365.28 1 0
github.com/KarpelesLab/squashfs/super.go:370.62,371.25 1 1
github.com/KarpelesLab/squashfs/super.go:371.25,373.3 1 0
github.com/KarpelesLab/squashfs/super.go:375.2,376.16 2 1
github.com/KarpelesLab/squashfs/super.go:376.16,378.3 1 0
github.com/KarpelesLab/squashfs/super.go:380.2,380.56 1 1
github.com/KarpelesLab/squashfs/super.go:385.63,386.25 1 1
github.com/KarpelesLab/squashfs/super.go:386.25,388.3 1 0
github.com/KarpelesLab/squashfs/super.go:390.2,391.16 2 1
github.com/KarpelesLab/squashfs/super.go:391.16,393.3 1 0
github.com/KarpelesLab/squashfs/super.go:395.2,395.56 1 1
github.com/KarpelesLab/squashfs/super.go:399.37,400.20 1 1
github.com/KarpelesLab/squashfs/super.go:400.20,402.3 1 1
github.com/KarpelesLab/squashfs/super.go:403.2,403.12 1 0
github.com/KarpelesLab/squashfs/super.go:406.69,411.2 4 0
github.com/KarpelesLab/squashfs/super.go:413.67,417.2 3 1
github.com/KarpelesLab/squashfs/tablereader.go:16.74,18.2 1 1
github.com/KarpelesLab/squashfs/tablereader.go:20.83,27.16 3 1
github.com/KarpelesLab/squashfs/tablereader.go:27.16,28.20 1 0
github.com/KarpelesLab/squashfs/tablereader.go:28.20,30.4 1 0
github.com/KarpelesLab/squashfs/tablereader.go:31.3,31.66 1 0
github.com/KarpelesLab/squashfs/tablereader.go:34.2,34.16 1 1
github.com/KarpelesLab/squashfs/tablereader.go:34.16,37.3 1 1
github.com/KarpelesLab/squashfs/tablereader.go:39.2,39.16 1 1
github.com/KarpelesLab/squashfs/tablereader.go:42.91,49.16 3 1
github.com/KarpelesLab/squashfs/tablereader.go:49.16,51.3 1 0
github.com/KarpelesLab/squashfs/tablereader.go:53.2,53.16 1 1
github.com/KarpelesLab/squashfs/tablereader.go:53.16,56.3 1 0
github.com/KarpelesLab/squashfs/tablereader.go:58.2,58.16 1 1
github.com/KarpelesLab/squashfs/tablereader.go:61.41,62.18 1 1
github.com/KarpelesLab/squashfs/tablereader.go:62.18,66.17 3 1
github.com/KarpelesLab/squashfs/tablereader.go:66.17,68.4 1 0
github.com/KarpelesLab/squashfs/tablereader.go:69.3,69.41 1 1
github.com/KarpelesLab/squashfs/tablereader.go:71.2,73.16 3 1
github.com/KarpelesLab/squashfs/tablereader.go:73.16,75.3 1 0
github.com/KarpelesLab/squashfs/tablereader.go:76.2,79.27 3 1
github.com/KarpelesLab/squashfs/tablereader.go:79.27,83.3 2 1
github.com/KarpelesLab/squashfs/tablereader.go:85.2,89.16 3 1
github.com/KarpelesLab/squashfs/tablereader.go:89.16,91.3 1 0
github.com/KarpelesLab/squashfs/tablereader.go:92.2,93.21 2 1
github.com/KarpelesLab/squashfs/tablereader.go:93.21,96.17 2 1
github.com/KarpelesLab/squashfs/tablereader.go:96.17,99.4 1 0
github.com/KarpelesLab/squashfs/tablereader.go:102.2,104.12 2 1
github.com/KarpelesLab/squashfs/tablereader.go:107.51,109.18 1 1
github.com/KarpelesLab/squashfs/tablereader.go:109.18,111.17 2 1
github.com/KarpelesLab/squashfs/tablereader.go:111.17,113.4 1 0
github.com/KarpelesLab/squashfs/tablereader.go:116.2,117.21 2 1
github.com/KarpelesLab/squashfs/tablereader.go:117.21,119.3 1 1
github.com/KarpelesLab/squashfs/tablereader.go:119.8,121.3 1 1
github.com/KarpelesLab/squashfs/tablereader.go:123.2,123.15 1 1
github.com/KarpelesLab/squashfs/type.go:28.28,29.12 1 1
github.com/KarpelesLab/squashfs/type.go:29.12,31.3 1 1
github.com/KarpelesLab/squashfs/type.go:32.2,32.10 1 1
github.com/KarpelesLab/squashfs/type.go:35.28,37.2 1 0
github.com/KarpelesLab/squashfs/type.go:39.32,41.2 1 1
github.com/KarpelesLab/squashfs/type.go:44.34,45.19 1 1
github.com/KarpelesLab/squashfs/type.go:46.15,47.20 1 0
github.com/KarpelesLab/squashfs/type.go:48.16,49.11 1 1
github.com/KarpelesLab/squashfs/type.go:50.19,51.24 1 0
github.com/KarpelesLab/squashfs/type.go:52.20,53.23 1 0
github.com/KarpelesLab/squashfs/type.go:54.19,55.43 1 0
github.com/KarpelesLab/squashfs/type.go:56.16,57.26 1 0
github.com/KarpelesLab/squashfs/type.go:58.18,59.23 1 0
github.com/KarpelesLab/squashfs/type.go:60.10,62.26 1 0
